{"/home/ballesteros/Escritorio/TDD/codeBreakerAPI/app.js": {"path":"/home/ballesteros/Escritorio/TDD/codeBreakerAPI/app.js","statementMap":{"0":{"start":{"line":4,"column":14},"end":{"line":4,"column":32}},"1":{"start":{"line":7,"column":10},"end":{"line":7,"column":19}},"2":{"start":{"line":10,"column":18},"end":{"line":10,"column":49}},"3":{"start":{"line":13,"column":0},"end":{"line":13,"column":48}},"4":{"start":{"line":14,"column":0},"end":{"line":14,"column":24}},"5":{"start":{"line":17,"column":0},"end":{"line":23,"column":3}},"6":{"start":{"line":18,"column":4},"end":{"line":18,"column":51}},"7":{"start":{"line":19,"column":4},"end":{"line":19,"column":160}},"8":{"start":{"line":20,"column":4},"end":{"line":20,"column":82}},"9":{"start":{"line":21,"column":4},"end":{"line":21,"column":59}},"10":{"start":{"line":22,"column":4},"end":{"line":22,"column":11}},"11":{"start":{"line":27,"column":0},"end":{"line":27,"column":29}},"12":{"start":{"line":30,"column":0},"end":{"line":30,"column":21}}},"fnMap":{"0":{"name":"(anonymous_0)","decl":{"start":{"line":17,"column":8},"end":{"line":17,"column":9}},"loc":{"start":{"line":17,"column":28},"end":{"line":23,"column":1}},"line":17}},"branchMap":{},"s":{"0":1,"1":1,"2":1,"3":1,"4":1,"5":1,"6":4,"7":4,"8":4,"9":4,"10":4,"11":1,"12":1},"f":{"0":4},"b":{},"_coverageSchema":"1a1c01bbd47fc00a2c39e90264f33305004495a9","hash":"ff4d51afaa43c51e6631320c00165a93946f9aa6"}
,"/home/ballesteros/Escritorio/TDD/codeBreakerAPI/controllers/codeController.js": {"path":"/home/ballesteros/Escritorio/TDD/codeBreakerAPI/controllers/codeController.js","statementMap":{"0":{"start":{"line":3,"column":16},"end":{"line":3,"column":36}},"1":{"start":{"line":4,"column":10},"end":{"line":4,"column":58}},"2":{"start":{"line":5,"column":16},"end":{"line":5,"column":30}},"3":{"start":{"line":6,"column":17},"end":{"line":32,"column":1}},"4":{"start":{"line":8,"column":20},"end":{"line":8,"column":36}},"5":{"start":{"line":9,"column":21},"end":{"line":9,"column":23}},"6":{"start":{"line":10,"column":26},"end":{"line":10,"column":42}},"7":{"start":{"line":11,"column":8},"end":{"line":22,"column":9}},"8":{"start":{"line":11,"column":21},"end":{"line":11,"column":22}},"9":{"start":{"line":12,"column":12},"end":{"line":21,"column":13}},"10":{"start":{"line":12,"column":25},"end":{"line":12,"column":26}},"11":{"start":{"line":13,"column":16},"end":{"line":20,"column":17}},"12":{"start":{"line":14,"column":20},"end":{"line":18,"column":21}},"13":{"start":{"line":15,"column":24},"end":{"line":15,"column":46}},"14":{"start":{"line":17,"column":24},"end":{"line":17,"column":46}},"15":{"start":{"line":19,"column":20},"end":{"line":19,"column":24}},"16":{"start":{"line":23,"column":8},"end":{"line":26,"column":9}},"17":{"start":{"line":24,"column":12},"end":{"line":24,"column":67}},"18":{"start":{"line":25,"column":12},"end":{"line":25,"column":39}},"19":{"start":{"line":27,"column":8},"end":{"line":30,"column":10}},"20":{"start":{"line":35,"column":0},"end":{"line":35,"column":28}}},"fnMap":{"0":{"name":"(anonymous_0)","decl":{"start":{"line":7,"column":13},"end":{"line":7,"column":14}},"loc":{"start":{"line":7,"column":27},"end":{"line":31,"column":5}},"line":7}},"branchMap":{"0":{"loc":{"start":{"line":13,"column":16},"end":{"line":20,"column":17}},"type":"if","locations":[{"start":{"line":13,"column":16},"end":{"line":20,"column":17}},{"start":{"line":13,"column":16},"end":{"line":20,"column":17}}],"line":13},"1":{"loc":{"start":{"line":14,"column":20},"end":{"line":18,"column":21}},"type":"if","locations":[{"start":{"line":14,"column":20},"end":{"line":18,"column":21}},{"start":{"line":14,"column":20},"end":{"line":18,"column":21}}],"line":14},"2":{"loc":{"start":{"line":23,"column":8},"end":{"line":26,"column":9}},"type":"if","locations":[{"start":{"line":23,"column":8},"end":{"line":26,"column":9}},{"start":{"line":23,"column":8},"end":{"line":26,"column":9}}],"line":23}},"s":{"0":1,"1":1,"2":1,"3":1,"4":4,"5":4,"6":4,"7":4,"8":4,"9":10,"10":10,"11":40,"12":6,"13":3,"14":3,"15":6,"16":4,"17":0,"18":0,"19":4,"20":1},"f":{"0":4},"b":{"0":[6,34],"1":[3,3],"2":[0,4]},"_coverageSchema":"1a1c01bbd47fc00a2c39e90264f33305004495a9","hash":"2d48aeb14e6bdfa57cb0f896a1f2e541b22a797c"}
,"/home/ballesteros/Escritorio/TDD/codeBreakerAPI/routes/codebreaker.js": {"path":"/home/ballesteros/Escritorio/TDD/codeBreakerAPI/routes/codebreaker.js","statementMap":{"0":{"start":{"line":3,"column":14},"end":{"line":3,"column":32}},"1":{"start":{"line":4,"column":21},"end":{"line":4,"column":61}},"2":{"start":{"line":6,"column":13},"end":{"line":6,"column":29}},"3":{"start":{"line":9,"column":0},"end":{"line":9,"column":46}},"4":{"start":{"line":11,"column":0},"end":{"line":11,"column":24}}},"fnMap":{},"branchMap":{},"s":{"0":1,"1":1,"2":1,"3":1,"4":1},"f":{},"b":{},"_coverageSchema":"1a1c01bbd47fc00a2c39e90264f33305004495a9","hash":"93e1fb1a424558ea735cce0b4f6e0ea10f3137bc"}
}
