TN:
SF:app.js
FN:17,(anonymous_0)
FNF:1
FNH:1
FNDA:4,(anonymous_0)
DA:4,1
DA:7,1
DA:10,1
DA:13,1
DA:14,1
DA:17,1
DA:18,4
DA:19,4
DA:20,4
DA:21,4
DA:22,4
DA:27,1
DA:30,1
LF:13
LH:13
BRF:0
BRH:0
end_of_record
TN:
SF:controllers/codeController.js
FN:7,(anonymous_0)
FNF:1
FNH:1
FNDA:4,(anonymous_0)
DA:3,1
DA:4,1
DA:5,1
DA:6,1
DA:8,4
DA:9,4
DA:10,4
DA:11,4
DA:12,10
DA:13,40
DA:14,6
DA:15,3
DA:17,3
DA:19,6
DA:23,4
DA:24,0
DA:25,0
DA:27,4
DA:35,1
LF:19
LH:17
BRDA:13,0,0,6
BRDA:13,0,1,34
BRDA:14,1,0,3
BRDA:14,1,1,3
BRDA:23,2,0,0
BRDA:23,2,1,4
BRF:6
BRH:5
end_of_record
TN:
SF:routes/codebreaker.js
FNF:0
FNH:0
DA:3,1
DA:4,1
DA:6,1
DA:9,1
DA:11,1
LF:5
LH:5
BRF:0
BRH:0
end_of_record
